#
# There is insufficient memory for the Java Runtime Environment to continue.
# Native memory allocation (malloc) failed to allocate 32744 bytes for ChunkPool::allocate
# Possible reasons:
#   The system is out of physical RAM or swap space
#   The process is running with CompressedOops enabled, and the Java Heap may be blocking the growth of the native heap
# Possible solutions:
#   Reduce memory load on the system
#   Increase physical memory or swap space
#   Check if swap backing store is full
#   Decrease Java heap size (-Xmx/-Xms)
#   Decrease number of Java threads
#   Decrease Java thread stack sizes (-Xss)
#   Set larger code cache with -XX:ReservedCodeCacheSize=
#   JVM is running with Unscaled Compressed Oops mode in which the Java heap is
#     placed in the first 4GB address space. The Java Heap base address is the
#     maximum limit for the native heap growth. Please use -XX:HeapBaseMinAddress
#     to set the Java Heap base and to place the Java Heap above 4GB virtual address.
# This output file may be truncated or incomplete.
#
#  Out of Memory Error (allocation.cpp:272), pid=26616, tid=0x0000000000006680
#
# JRE version: Java(TM) SE Runtime Environment (8.0_241-b07) (build 1.8.0_241-b07)
# Java VM: Java HotSpot(TM) 64-Bit Server VM (25.241-b07 mixed mode windows-amd64 compressed oops)
# Failed to write core dump. Minidumps are not enabled by default on client versions of Windows
#

---------------  T H R E A D  ---------------

Current thread (0x0000000013ec9800):  JavaThread "C2 CompilerThread0" daemon [_thread_in_native, id=26240, stack(0x0000000015230000,0x0000000015330000)]

Stack: [0x0000000015230000,0x0000000015330000]
[error occurred during error reporting (printing stack bounds), id 0xc0000005]

Native frames: (J=compiled Java code, j=interpreted, Vv=VM code, C=native code)


Current CompileTask:
C2:  22542 1269   !   4       org.openqa.selenium.json.Input::init (71 bytes)


---------------  P R O C E S S  ---------------

Java Threads: ( => current thread )
  0x000000001630d000 JavaThread "Okio Watchdog" daemon [_thread_blocked, id=22880, stack(0x0000000017520000,0x0000000017620000)]
  0x0000000016306000 JavaThread "OkHttp ConnectionPool" daemon [_thread_blocked, id=6816, stack(0x0000000015e10000,0x0000000015f10000)]
  0x0000000015a2f000 JavaThread "Exec Stream Pumper" daemon [_thread_in_native, id=26192, stack(0x0000000016ea0000,0x0000000016fa0000)]
  0x00000000159d2800 JavaThread "Exec Stream Pumper" daemon [_thread_in_native, id=26200, stack(0x0000000016d00000,0x0000000016e00000)]
  0x00000000157aa800 JavaThread "UrlChecker-2" daemon [_thread_blocked, id=25952, stack(0x0000000016a70000,0x0000000016b70000)]
  0x000000001577b800 JavaThread "Exec Default Executor" daemon [_thread_in_native, id=26260, stack(0x0000000015c00000,0x0000000015d00000)]
  0x0000000013f27000 JavaThread "Service Thread" daemon [_thread_blocked, id=24608, stack(0x0000000015540000,0x0000000015640000)]
  0x0000000013f24000 JavaThread "C1 CompilerThread1" daemon [_thread_blocked, id=25040, stack(0x00000000153c0000,0x00000000154c0000)]
=>0x0000000013ec9800 JavaThread "C2 CompilerThread0" daemon [_thread_in_native, id=26240, stack(0x0000000015230000,0x0000000015330000)]
  0x0000000013ec8000 JavaThread "Attach Listener" daemon [_thread_blocked, id=25804, stack(0x0000000015010000,0x0000000015110000)]
  0x0000000013ec6800 JavaThread "Signal Dispatcher" daemon [_thread_blocked, id=26056, stack(0x0000000014ee0000,0x0000000014fe0000)]
  0x0000000013ea9000 JavaThread "Finalizer" daemon [_thread_blocked, id=26052, stack(0x0000000014c40000,0x0000000014d40000)]
  0x0000000013e67800 JavaThread "Reference Handler" daemon [_thread_blocked, id=23180, stack(0x0000000014b40000,0x0000000014c40000)]
  0x0000000001e0e800 JavaThread "Forwarding newSession on session null to remote" [_thread_in_vm, id=21240, stack(0x0000000002150000,0x0000000002250000)]

Other Threads:
  0x0000000013e5e000 VMThread [stack: 0x0000000014a20000,0x0000000014b20000] [id=25012]
  0x000000001564b800 WatcherThread [stack: 0x0000000015ac0000,0x0000000015bc0000] [id=26548]

VM state:not at safepoint (normal execution)

VM Mutex/Monitor currently owned by a thread: None

heap address: 0x00000000d0000000, size: 768 MB, Compressed Oops mode: 32-bit
Narrow klass base: 0x0000000000000000, Narrow klass shift: 0
Compressed class space size: 1073741824 Address: 0x000000007fff0000

Heap:
 PSYoungGen      total 14336K, used 8224K [0x00000000f0000000, 0x00000000f1000000, 0x0000000100000000)
  eden space 12288K, 50% used [0x00000000f0000000,0x00000000f0610220,0x00000000f0c00000)
  from space 2048K, 98% used [0x00000000f0e00000,0x00000000f0ff8030,0x00000000f1000000)
  to   space 2048K, 0% used [0x00000000f0c00000,0x00000000f0c00000,0x00000000f0e00000)
 ParOldGen       total 32768K, used 3485K [0x00000000d0000000, 0x00000000d2000000, 0x00000000f0000000)
  object space 32768K, 10% used [0x00000000d0000000,0x00000000d03674e0,0x00000000d2000000)
 Metaspace       used 12919K, capacity 13608K, committed 13952K, reserved 1062912K
  class space    used 1637K, capacity 1804K, committed 1920K, reserved 1048576K

Card table byte_map: [0x0000000001e10000,0x0000000001fa0000] byte_map_base: 0x0000000001790000

Marking Bits: (ParMarkBitMap*) 0x000000006f8cbe30
 Begin Bits: [0x0000000011d30000, 0x0000000012930000)
 End Bits:   [0x0000000012930000, 0x0000000013530000)

Polling page: 0x0000000000110000

CodeCache: size=245760Kb used=4389Kb max_used=4394Kb free=241370Kb
 bounds [0x0000000002520000, 0x0000000002970000, 0x0000000011520000]
 total_blobs=1639 nmethods=1268 adapters=286
 compilation: enabled

Compilation events (10 events):
Event: 8.905 Thread 0x0000000013f24000 nmethod 1264 0x000000000295ba50 code [0x000000000295bbc0, 0x000000000295bf28]
Event: 8.907 Thread 0x0000000013ec9800 1265       4       java.util.HashMap::get (23 bytes)
Event: 8.913 Thread 0x0000000013ec9800 nmethod 1265 0x000000000296c4d0 code [0x000000000296c620, 0x000000000296c898]
Event: 8.969 Thread 0x0000000013f24000 1266       3       java.util.ArrayList$Itr::hasNext (20 bytes)
Event: 8.969 Thread 0x0000000013f24000 nmethod 1266 0x000000000296b790 code [0x000000000296b8e0, 0x000000000296bab0]
Event: 22.530 Thread 0x0000000013f24000 1267       3       jdk.internal.org.objectweb.asm.ByteVector::enlarge (51 bytes)
Event: 22.530 Thread 0x0000000013f24000 nmethod 1267 0x000000000296b210 code [0x000000000296b380, 0x000000000296b6a8]
Event: 22.530 Thread 0x0000000013f24000 1268       3       com.google.common.base.Preconditions::checkArgument (13 bytes)
Event: 22.531 Thread 0x0000000013f24000 nmethod 1268 0x000000000296ad90 code [0x000000000296af00, 0x000000000296b128]
Event: 22.536 Thread 0x0000000013ec9800 1269   !   4       org.openqa.selenium.json.Input::init (71 bytes)

GC Heap History (4 events):
Event: 2.566 GC heap before
{Heap before GC invocations=1 (full 0):
 PSYoungGen      total 14336K, used 12288K [0x00000000f0000000, 0x00000000f1000000, 0x0000000100000000)
  eden space 12288K, 100% used [0x00000000f0000000,0x00000000f0c00000,0x00000000f0c00000)
  from space 2048K, 0% used [0x00000000f0e00000,0x00000000f0e00000,0x00000000f1000000)
  to   space 2048K, 0% used [0x00000000f0c00000,0x00000000f0c00000,0x00000000f0e00000)
 ParOldGen       total 32768K, used 0K [0x00000000d0000000, 0x00000000d2000000, 0x00000000f0000000)
  object space 32768K, 0% used [0x00000000d0000000,0x00000000d0000000,0x00000000d2000000)
 Metaspace       used 7955K, capacity 8210K, committed 8576K, reserved 1056768K
  class space    used 937K, capacity 1028K, committed 1152K, reserved 1048576K
Event: 2.577 GC heap after
Heap after GC invocations=1 (full 0):
 PSYoungGen      total 14336K, used 2048K [0x00000000f0000000, 0x00000000f1000000, 0x0000000100000000)
  eden space 12288K, 0% used [0x00000000f0000000,0x00000000f0000000,0x00000000f0c00000)
  from space 2048K, 100% used [0x00000000f0c00000,0x00000000f0e00000,0x00000000f0e00000)
  to   space 2048K, 0% used [0x00000000f0e00000,0x00000000f0e00000,0x00000000f1000000)
 ParOldGen       total 32768K, used 1291K [0x00000000d0000000, 0x00000000d2000000, 0x00000000f0000000)
  object space 32768K, 3% used [0x00000000d0000000,0x00000000d0142e48,0x00000000d2000000)
 Metaspace       used 7955K, capacity 8210K, committed 8576K, reserved 1056768K
  class space    used 937K, capacity 1028K, committed 1152K, reserved 1048576K
}
Event: 8.163 GC heap before
{Heap before GC invocations=2 (full 0):
 PSYoungGen      total 14336K, used 14336K [0x00000000f0000000, 0x00000000f1000000, 0x0000000100000000)
  eden space 12288K, 100% used [0x00000000f0000000,0x00000000f0c00000,0x00000000f0c00000)
  from space 2048K, 100% used [0x00000000f0c00000,0x00000000f0e00000,0x00000000f0e00000)
  to   space 2048K, 0% used [0x00000000f0e00000,0x00000000f0e00000,0x00000000f1000000)
 ParOldGen       total 32768K, used 1291K [0x00000000d0000000, 0x00000000d2000000, 0x00000000f0000000)
  object space 32768K, 3% used [0x00000000d0000000,0x00000000d0142e48,0x00000000d2000000)
 Metaspace       used 11358K, capacity 11918K, committed 12160K, reserved 1060864K
  class space    used 1418K, capacity 1559K, committed 1664K, reserved 1048576K
Event: 8.176 GC heap after
Heap after GC invocations=2 (full 0):
 PSYoungGen      total 14336K, used 2016K [0x00000000f0000000, 0x00000000f1000000, 0x0000000100000000)
  eden space 12288K, 0% used [0x00000000f0000000,0x00000000f0000000,0x00000000f0c00000)
  from space 2048K, 98% used [0x00000000f0e00000,0x00000000f0ff8030,0x00000000f1000000)
  to   space 2048K, 0% used [0x00000000f0c00000,0x00000000f0c00000,0x00000000f0e00000)
 ParOldGen       total 32768K, used 3485K [0x00000000d0000000, 0x00000000d2000000, 0x00000000f0000000)
  object space 32768K, 10% used [0x00000000d0000000,0x00000000d03674e0,0x00000000d2000000)
 Metaspace       used 11358K, capacity 11918K, committed 12160K, reserved 1060864K
  class space    used 1418K, capacity 1559K, committed 1664K, reserved 1048576K
}

Deoptimization events (10 events):
Event: 6.222 Thread 0x00000000157aa800 Uncommon trap: reason=unstable_if action=reinterpret pc=0x0000000002753444 method=java.lang.CharacterDataLatin1.digit(II)I @ 82
Event: 8.267 Thread 0x0000000001e0e800 Uncommon trap: reason=class_check action=maybe_recompile pc=0x000000000284a774 method=java.util.regex.Matcher.search(I)Z @ 86
Event: 8.267 Thread 0x0000000001e0e800 Uncommon trap: reason=class_check action=maybe_recompile pc=0x00000000027f4e98 method=java.util.regex.Pattern$Curly.match(Ljava/util/regex/Matcher;ILjava/lang/CharSequence;)Z @ 19
Event: 8.267 Thread 0x0000000001e0e800 Uncommon trap: reason=class_check action=maybe_recompile pc=0x000000000284a774 method=java.util.regex.Matcher.search(I)Z @ 86
Event: 8.267 Thread 0x0000000001e0e800 Uncommon trap: reason=class_check action=maybe_recompile pc=0x000000000284a774 method=java.util.regex.Matcher.search(I)Z @ 86
Event: 8.268 Thread 0x0000000001e0e800 Uncommon trap: reason=class_check action=maybe_recompile pc=0x000000000284a774 method=java.util.regex.Matcher.search(I)Z @ 86
Event: 8.268 Thread 0x0000000001e0e800 Uncommon trap: reason=class_check action=maybe_recompile pc=0x00000000027f4e98 method=java.util.regex.Pattern$Curly.match(Ljava/util/regex/Matcher;ILjava/lang/CharSequence;)Z @ 19
Event: 8.301 Thread 0x0000000001e0e800 Uncommon trap: reason=class_check action=maybe_recompile pc=0x00000000027f4e98 method=java.util.regex.Pattern$Curly.match(Ljava/util/regex/Matcher;ILjava/lang/CharSequence;)Z @ 19
Event: 8.301 Thread 0x0000000001e0e800 Uncommon trap: reason=class_check action=maybe_recompile pc=0x00000000027f4e98 method=java.util.regex.Pattern$Curly.match(Ljava/util/regex/Matcher;ILjava/lang/CharSequence;)Z @ 19
Event: 8.744 Thread 0x0000000001e0e800 Uncommon trap: reason=unstable_if action=reinterpret pc=0x00000000028c4b18 method=java.util.regex.Pattern$BmpCharProperty.match(Ljava/util/regex/Matcher;ILjava/lang/CharSequence;)Z @ 34

Classes redefined (0 events):
No events

Internal exceptions (10 events):
Event: 7.281 Thread 0x0000000001e0e800 Exception <a 'java/lang/IncompatibleClassChangeError': Found class java.lang.Object, but interface was expected> (0x00000000f078b620) thrown at [C:\ade\jenkins\workspace\8-2-build-windows-amd64-cygwin\jdk8u241\331\hotspot\src\share\vm\interpreter\linkReso
Event: 7.388 Thread 0x0000000001e0e800 Exception <a 'java/lang/NoSuchMethodError': java.lang.Object.lambda$or$2(Ljava/util/function/Predicate;Ljava/lang/Object;)Z> (0x00000000f079a300) thrown at [C:\ade\jenkins\workspace\8-2-build-windows-amd64-cygwin\jdk8u241\331\hotspot\src\share\vm\interpre
Event: 7.592 Thread 0x0000000001e0e800 Exception <a 'java/lang/ArrayIndexOutOfBoundsException': 18> (0x00000000f0890a30) thrown at [C:\ade\jenkins\workspace\8-2-build-windows-amd64-cygwin\jdk8u241\331\hotspot\src\share\vm\interpreter\interpreterRuntime.cpp, line 368]
Event: 7.594 Thread 0x0000000001e0e800 Exception <a 'java/lang/ArrayIndexOutOfBoundsException'> (0x00000000f08920c8) thrown at [C:\ade\jenkins\workspace\8-2-build-windows-amd64-cygwin\jdk8u241\331\hotspot\src\share\vm\runtime\sharedRuntime.cpp, line 605]
Event: 7.595 Thread 0x0000000001e0e800 Exception <a 'java/lang/ArrayIndexOutOfBoundsException'> (0x00000000f0893588) thrown at [C:\ade\jenkins\workspace\8-2-build-windows-amd64-cygwin\jdk8u241\331\hotspot\src\share\vm\runtime\sharedRuntime.cpp, line 605]
Event: 7.597 Thread 0x0000000001e0e800 Exception <a 'java/lang/ArrayIndexOutOfBoundsException'> (0x00000000f0894948) thrown at [C:\ade\jenkins\workspace\8-2-build-windows-amd64-cygwin\jdk8u241\331\hotspot\src\share\vm\runtime\sharedRuntime.cpp, line 605]
Event: 7.597 Thread 0x0000000001e0e800 Exception <a 'java/lang/ArrayIndexOutOfBoundsException'> (0x00000000f0895bc0) thrown at [C:\ade\jenkins\workspace\8-2-build-windows-amd64-cygwin\jdk8u241\331\hotspot\src\share\vm\runtime\sharedRuntime.cpp, line 605]
Event: 7.600 Thread 0x0000000001e0e800 Exception <a 'java/lang/ArrayIndexOutOfBoundsException'> (0x00000000f0899c50) thrown at [C:\ade\jenkins\workspace\8-2-build-windows-amd64-cygwin\jdk8u241\331\hotspot\src\share\vm\runtime\sharedRuntime.cpp, line 605]
Event: 7.601 Thread 0x0000000001e0e800 Exception <a 'java/lang/ArrayIndexOutOfBoundsException'> (0x00000000f089d1b8) thrown at [C:\ade\jenkins\workspace\8-2-build-windows-amd64-cygwin\jdk8u241\331\hotspot\src\share\vm\runtime\sharedRuntime.cpp, line 605]
Event: 7.971 Thread 0x0000000001e0e800 Exception <a 'java/lang/NoSuchMethodError': java.lang.Object.lambda$chars$0()Ljava/util/Spliterator$OfInt;> (0x00000000f0a529b0) thrown at [C:\ade\jenkins\workspace\8-2-build-windows-amd64-cygwin\jdk8u241\331\hotspot\src\share\vm\interpreter\linkResolver.

Events (10 events):
Event: 22.529 loading class org/openqa/selenium/remote/http/HttpResponse
Event: 22.529 loading class org/openqa/selenium/remote/http/HttpResponse done
Event: 22.530 loading class com/google/common/net/MediaType$Tokenizer
Event: 22.530 loading class com/google/common/net/MediaType$Tokenizer done
Event: 22.533 loading class com/google/common/collect/ImmutableSet$Indexed$1
Event: 22.533 loading class com/google/common/collect/ImmutableSet$Indexed$1 done
Event: 22.534 loading class com/google/common/base/MoreObjects
Event: 22.534 loading class com/google/common/base/MoreObjects done
Event: 22.535 Executing VM operation: CollectForMetadataAllocation
Event: 22.535 Executing VM operation: CollectForMetadataAllocation done


Dynamic libraries:
0x000000013f470000 - 0x000000013f4a7000 	C:\Program Files\Java\jre1.8.0_241\bin\javaw.exe
0x0000000077360000 - 0x00000000774ff000 	C:\Windows\SYSTEM32\ntdll.dll
0x000007feea370000 - 0x000007feea385000 	C:\Program Files\AVAST Software\Avast\aswhook.dll
0x0000000077140000 - 0x000000007725f000 	C:\Windows\system32\kernel32.dll
0x000007fefcef0000 - 0x000007fefcf57000 	C:\Windows\system32\KERNELBASE.dll
0x000007fefe5d0000 - 0x000007fefe6ab000 	C:\Windows\system32\ADVAPI32.dll
0x000007fefef10000 - 0x000007fefefaf000 	C:\Windows\system32\msvcrt.dll
0x000007feff080000 - 0x000007feff09f000 	C:\Windows\SYSTEM32\sechost.dll
0x000007fefe190000 - 0x000007fefe2bc000 	C:\Windows\system32\RPCRT4.dll
0x0000000077260000 - 0x000000007735a000 	C:\Windows\system32\USER32.dll
0x000007fefe3d0000 - 0x000007fefe437000 	C:\Windows\system32\GDI32.dll
0x000007fefe180000 - 0x000007fefe18e000 	C:\Windows\system32\LPK.dll
0x000007fefefb0000 - 0x000007feff07b000 	C:\Windows\system32\USP10.dll
0x000007fefb8b0000 - 0x000007fefbaa5000 	C:\Windows\WinSxS\amd64_microsoft.windows.common-controls_6595b64144ccf1df_6.0.7601.24483_none_e372d88f30fbb845\COMCTL32.dll
0x000007fefe6b0000 - 0x000007fefe721000 	C:\Windows\system32\SHLWAPI.dll
0x000007fefea30000 - 0x000007fefea5e000 	C:\Windows\system32\IMM32.DLL
0x000007fefe2c0000 - 0x000007fefe3cb000 	C:\Windows\system32\MSCTF.dll
0x0000000071f40000 - 0x0000000072012000 	C:\Program Files\Java\jre1.8.0_241\bin\msvcr100.dll
0x000000006f0a0000 - 0x000000006f94c000 	C:\Program Files\Java\jre1.8.0_241\bin\server\jvm.dll
0x000007fef9360000 - 0x000007fef9369000 	C:\Windows\system32\WSOCK32.dll
0x000007feff140000 - 0x000007feff18d000 	C:\Windows\system32\WS2_32.dll
0x000007fefea20000 - 0x000007fefea28000 	C:\Windows\system32\NSI.dll
0x000007fefb3b0000 - 0x000007fefb3eb000 	C:\Windows\system32\WINMM.dll
0x000007fefbf70000 - 0x000007fefbf7c000 	C:\Windows\system32\VERSION.dll
0x0000000077510000 - 0x0000000077517000 	C:\Windows\system32\PSAPI.DLL
0x000007fef6be0000 - 0x000007fef6bef000 	C:\Program Files\Java\jre1.8.0_241\bin\verify.dll
0x000007fef02a0000 - 0x000007fef02c9000 	C:\Program Files\Java\jre1.8.0_241\bin\java.dll
0x000007fef2250000 - 0x000007fef2266000 	C:\Program Files\Java\jre1.8.0_241\bin\zip.dll
0x000007fefd3f0000 - 0x000007fefe17b000 	C:\Windows\system32\SHELL32.dll
0x000007feff370000 - 0x000007feff56f000 	C:\Windows\system32\ole32.dll
0x000007fefcec0000 - 0x000007fefcecf000 	C:\Windows\system32\profapi.dll
0x000007fef0d00000 - 0x000007fef0d1a000 	C:\Program Files\Java\jre1.8.0_241\bin\net.dll
0x000007fefc5f0000 - 0x000007fefc645000 	C:\Windows\system32\mswsock.dll
0x000007fefc5e0000 - 0x000007fefc5e7000 	C:\Windows\System32\wship6.dll
0x000007fefc040000 - 0x000007fefc047000 	C:\Windows\System32\wshtcpip.dll
0x000007fefc470000 - 0x000007fefc4cb000 	C:\Windows\system32\DNSAPI.dll
0x000007fefa6d0000 - 0x000007fefa6f7000 	C:\Windows\system32\IPHLPAPI.DLL
0x000007fefa650000 - 0x000007fefa65b000 	C:\Windows\system32\WINNSI.DLL
0x000007fef06f0000 - 0x000007fef06f8000 	C:\Windows\system32\rasadhlp.dll
0x000007fefa4a0000 - 0x000007fefa4f3000 	C:\Windows\System32\fwpuclnt.dll
0x000007fef01a0000 - 0x000007fef01c4000 	C:\Program Files\Java\jre1.8.0_241\bin\sunec.dll
0x000007fefb670000 - 0x000007fefb67b000 	C:\Program Files\Java\jre1.8.0_241\bin\sunmscapi.dll
0x000007fefcf60000 - 0x000007fefd0cd000 	C:\Windows\system32\CRYPT32.dll
0x000007fefceb0000 - 0x000007fefcebf000 	C:\Windows\system32\MSASN1.dll
0x000007fefa3c0000 - 0x000007fefa3d8000 	C:\Windows\system32\dhcpcsvc.DLL
0x000007fefa3a0000 - 0x000007fefa3b1000 	C:\Windows\system32\dhcpcsvc6.DLL
0x000007fef0280000 - 0x000007fef0292000 	C:\Program Files\Java\jre1.8.0_241\bin\nio.dll
0x000007fefc650000 - 0x000007fefc668000 	C:\Windows\system32\CRYPTSP.dll
0x000007fefc350000 - 0x000007fefc397000 	C:\Windows\system32\rsaenh.dll
0x000007fefd1a0000 - 0x000007fefd1bf000 	C:\Windows\system32\USERENV.dll
0x000007fefcd10000 - 0x000007fefcd1f000 	C:\Windows\system32\CRYPTBASE.dll
0x000007fefccb0000 - 0x000007fefcd07000 	C:\Windows\system32\apphelp.dll

VM Arguments:
jvm_args: -Dfile.encoding=Cp1252 
java_command: Day3.Locators
java_class_path (initial): C:\Users\Vishnu\workspace\Selenium\bin;D:\selenium\selenium-server-standalone-3.141.59.jar
Launcher Type: SUN_STANDARD

Environment Variables:
PATH=C:/Program Files/Java/jre1.8.0_241/bin/server;C:/Program Files/Java/jre1.8.0_241/bin;C:/Program Files/Java/jre1.8.0_241/lib/amd64;C:\Program Files (x86)\Common Files\Oracle\Java\javapath;C:\Program Files\Java\jdk1.8.0_202\bin;C:\Program Files\Java\jdk1.8.0_202\bin;C:\Program Files\Java\jdk1.8.0_181\bin;C:\Program Files\Java\jdk1.8.0_181\bin;C:\Program Files\Java\jdk1.8.0_241\bin;C:\Program Files\Java\jdk1.8.0_241\bin; ;C:\Program Files\eclipse;
USERNAME=Vishnu
OS=Windows_NT
PROCESSOR_IDENTIFIER=Intel64 Family 6 Model 23 Stepping 10, GenuineIntel



---------------  S Y S T E M  ---------------

OS: Windows 7 , 64 bit Build 7601 (6.1.7601.24535)

CPU:total 2 (initial active 2) (2 cores per cpu, 1 threads per core) family 6 model 23 stepping 10, cmov, cx8, fxsr, mmx, sse, sse2, sse3, ssse3, tsc

Memory: 4k page, physical 3142580k(400580k free), swap 3140680k(4560k free)

vm_info: Java HotSpot(TM) 64-Bit Server VM (25.241-b07) for windows-amd64 JRE (1.8.0_241-b07), built on Dec 11 2019 10:21:40 by "rejava" with MS VC++ 10.0 (VS2010)

time: Tue Mar 31 15:54:04 2020
timezone: India Standard Time
elapsed time: 22 seconds (0d 0h 0m 22s)

